
-----
Test: tests/test_2_buy_courses.py::test_buy_course_1 (call)
Start time: 2024-04-16 10:35:16.892661
Start name method: the_courses_section

End time: 2024-04-16 10:35:26.843106
End name method: the_courses_section
URL: https://joomla.devcolibri.com/courses

-----

-----
Test: tests/test_2_buy_courses.py::test_buy_course_1 (call)
Start time: 2024-04-16 10:35:26.843799
Start name method: choose_course_java1_java2

End time: 2024-04-16 10:35:33.233192
End name method: choose_course_java1_java2
URL: https://joomla.devcolibri.com/courses/java1-java2

-----

-----
Test: tests/test_2_buy_courses.py::test_buy_course_1 (call)
Start time: 2024-04-16 10:35:33.235268
Start name method: making_order_java1_java2

End time: 2024-04-16 10:35:44.463771
End name method: making_order_java1_java2
URL: https://auth.robokassa.ru/Merchant/Index.aspx?MerchantLogin=devcolibri.com&OutSum=2749&InvId=244&Description=%D0%97%D0%B0%D0%BA%D0%B0%D0%B7%20%E2%84%96002440416&SignatureValue=dc5dedd5d88a74d5fbf908c2ac509175&Email=test_user2024@mail.ru&IsTest=1&Encoding=utf-8

-----

-----
Test: tests/test_2_buy_courses.py::test_buy_course_1 (call)
Start time: 2024-04-16 10:35:44.463771
Start name method: payment_course_java1_java2

End time: 2024-04-16 10:35:55.250289
End name method: payment_course_java1_java2
URL: https://joomla.devcolibri.com/login?return=aHR0cHM6Ly9qb29tbGEuZGV2Y29saWJyaS5jb20vY29tcG9uZW50L3JhZGljYWxtYXJ0X2V4cHJlc3MvZG9uZS8wMDI0NDA0MTY/cGFpZD1zdWNjZXNzJkl0ZW1pZD0xMDE=

-----
