
-----
Test: tests/test_2_buy_courses.py::test_check_purchased_course_1 (call)
Start time: 2024-04-16 10:56:35.975186
Start name method: authorization

End time: 2024-04-16 10:56:43.652921
End name method: authorization
URL: https://joomla.devcolibri.com/

-----

-----
Test: tests/test_2_buy_courses.py::test_check_purchased_course_1 (call)
Start time: 2024-04-16 10:56:43.653434
Start name method: my_courses_section

End time: 2024-04-16 10:56:46.824268
End name method: my_courses_section
URL: https://moodle.devcolibri.com/my/courses.php

-----

-----
Test: tests/test_2_buy_courses.py::test_check_purchased_course_1 (call)
Start time: 2024-04-16 10:56:46.825267
Start name method: course_availability_1

End time: 2024-04-16 10:56:57.065237
End name method: course_availability_1
URL: https://moodle.devcolibri.com/my/courses.php

-----
